Determining if the pthread_create exist failed with the following output:
Change Dir: /home/mech-user/enshu_ws/build/turtlebot_navigation/CMakeFiles/CMakeTmp

Run Build Command:"/usr/bin/make" "cmTC_87476/fast"
/usr/bin/make -f CMakeFiles/cmTC_87476.dir/build.make CMakeFiles/cmTC_87476.dir/build
make[1]: ディレクトリ '/home/mech-user/enshu_ws/build/turtlebot_navigation/CMakeFiles/CMakeTmp' に入ります
Building C object CMakeFiles/cmTC_87476.dir/CheckSymbolExists.c.o
/usr/bin/cc    -o CMakeFiles/cmTC_87476.dir/CheckSymbolExists.c.o   -c /home/mech-user/enshu_ws/build/turtlebot_navigation/CMakeFiles/CMakeTmp/CheckSymbolExists.c
Linking C executable cmTC_87476
/usr/bin/cmake -E cmake_link_script CMakeFiles/cmTC_87476.dir/link.txt --verbose=1
/usr/bin/cc      -rdynamic CMakeFiles/cmTC_87476.dir/CheckSymbolExists.c.o  -o cmTC_87476 
CMakeFiles/cmTC_87476.dir/CheckSymbolExists.c.o: 関数 `main' 内:
CheckSymbolExists.c:(.text+0x1b): `pthread_create' に対する定義されていない参照です
collect2: error: ld returned 1 exit status
CMakeFiles/cmTC_87476.dir/build.make:97: recipe for target 'cmTC_87476' failed
make[1]: *** [cmTC_87476] Error 1
make[1]: ディレクトリ '/home/mech-user/enshu_ws/build/turtlebot_navigation/CMakeFiles/CMakeTmp' から出ます
Makefile:126: recipe for target 'cmTC_87476/fast' failed
make: *** [cmTC_87476/fast] Error 2

File /home/mech-user/enshu_ws/build/turtlebot_navigation/CMakeFiles/CMakeTmp/CheckSymbolExists.c:
/* */
#include <pthread.h>

int main(int argc, char** argv)
{
  (void)argv;
#ifndef pthread_create
  return ((int*)(&pthread_create))[argc];
#else
  (void)argc;
  return 0;
#endif
}

Determining if the function pthread_create exists in the pthreads failed with the following output:
Change Dir: /home/mech-user/enshu_ws/build/turtlebot_navigation/CMakeFiles/CMakeTmp

Run Build Command:"/usr/bin/make" "cmTC_050bf/fast"
/usr/bin/make -f CMakeFiles/cmTC_050bf.dir/build.make CMakeFiles/cmTC_050bf.dir/build
make[1]: ディレクトリ '/home/mech-user/enshu_ws/build/turtlebot_navigation/CMakeFiles/CMakeTmp' に入ります
Building C object CMakeFiles/cmTC_050bf.dir/CheckFunctionExists.c.o
/usr/bin/cc   -DCHECK_FUNCTION_EXISTS=pthread_create   -o CMakeFiles/cmTC_050bf.dir/CheckFunctionExists.c.o   -c /usr/share/cmake-3.10/Modules/CheckFunctionExists.c
Linking C executable cmTC_050bf
/usr/bin/cmake -E cmake_link_script CMakeFiles/cmTC_050bf.dir/link.txt --verbose=1
/usr/bin/cc  -DCHECK_FUNCTION_EXISTS=pthread_create    -rdynamic CMakeFiles/cmTC_050bf.dir/CheckFunctionExists.c.o  -o cmTC_050bf -lpthreads 
/usr/bin/ld: -lpthreads が見つかりません
collect2: error: ld returned 1 exit status
CMakeFiles/cmTC_050bf.dir/build.make:97: recipe for target 'cmTC_050bf' failed
make[1]: *** [cmTC_050bf] Error 1
make[1]: ディレクトリ '/home/mech-user/enshu_ws/build/turtlebot_navigation/CMakeFiles/CMakeTmp' から出ます
Makefile:126: recipe for target 'cmTC_050bf/fast' failed
make: *** [cmTC_050bf/fast] Error 2


