Determining if the pthread_create exist failed with the following output:
Change Dir: /home/mech-user/enshu_ws/build/dynamixel_urdf/CMakeFiles/CMakeTmp

Run Build Command:"/usr/bin/make" "cmTC_a707b/fast"
/usr/bin/make -f CMakeFiles/cmTC_a707b.dir/build.make CMakeFiles/cmTC_a707b.dir/build
make[1]: ディレクトリ '/home/mech-user/enshu_ws/build/dynamixel_urdf/CMakeFiles/CMakeTmp' に入ります
Building C object CMakeFiles/cmTC_a707b.dir/CheckSymbolExists.c.o
/usr/bin/cc    -o CMakeFiles/cmTC_a707b.dir/CheckSymbolExists.c.o   -c /home/mech-user/enshu_ws/build/dynamixel_urdf/CMakeFiles/CMakeTmp/CheckSymbolExists.c
Linking C executable cmTC_a707b
/usr/bin/cmake -E cmake_link_script CMakeFiles/cmTC_a707b.dir/link.txt --verbose=1
/usr/bin/cc      -rdynamic CMakeFiles/cmTC_a707b.dir/CheckSymbolExists.c.o  -o cmTC_a707b 
CMakeFiles/cmTC_a707b.dir/CheckSymbolExists.c.o: 関数 `main' 内:
CheckSymbolExists.c:(.text+0x1b): `pthread_create' に対する定義されていない参照です
collect2: error: ld returned 1 exit status
CMakeFiles/cmTC_a707b.dir/build.make:97: recipe for target 'cmTC_a707b' failed
make[1]: *** [cmTC_a707b] Error 1
make[1]: ディレクトリ '/home/mech-user/enshu_ws/build/dynamixel_urdf/CMakeFiles/CMakeTmp' から出ます
Makefile:126: recipe for target 'cmTC_a707b/fast' failed
make: *** [cmTC_a707b/fast] Error 2

File /home/mech-user/enshu_ws/build/dynamixel_urdf/CMakeFiles/CMakeTmp/CheckSymbolExists.c:
/* */
#include <pthread.h>

int main(int argc, char** argv)
{
  (void)argv;
#ifndef pthread_create
  return ((int*)(&pthread_create))[argc];
#else
  (void)argc;
  return 0;
#endif
}

Determining if the function pthread_create exists in the pthreads failed with the following output:
Change Dir: /home/mech-user/enshu_ws/build/dynamixel_urdf/CMakeFiles/CMakeTmp

Run Build Command:"/usr/bin/make" "cmTC_93bef/fast"
/usr/bin/make -f CMakeFiles/cmTC_93bef.dir/build.make CMakeFiles/cmTC_93bef.dir/build
make[1]: ディレクトリ '/home/mech-user/enshu_ws/build/dynamixel_urdf/CMakeFiles/CMakeTmp' に入ります
Building C object CMakeFiles/cmTC_93bef.dir/CheckFunctionExists.c.o
/usr/bin/cc   -DCHECK_FUNCTION_EXISTS=pthread_create   -o CMakeFiles/cmTC_93bef.dir/CheckFunctionExists.c.o   -c /usr/share/cmake-3.10/Modules/CheckFunctionExists.c
Linking C executable cmTC_93bef
/usr/bin/cmake -E cmake_link_script CMakeFiles/cmTC_93bef.dir/link.txt --verbose=1
/usr/bin/cc  -DCHECK_FUNCTION_EXISTS=pthread_create    -rdynamic CMakeFiles/cmTC_93bef.dir/CheckFunctionExists.c.o  -o cmTC_93bef -lpthreads 
/usr/bin/ld: -lpthreads が見つかりません
collect2: error: ld returned 1 exit status
CMakeFiles/cmTC_93bef.dir/build.make:97: recipe for target 'cmTC_93bef' failed
make[1]: *** [cmTC_93bef] Error 1
make[1]: ディレクトリ '/home/mech-user/enshu_ws/build/dynamixel_urdf/CMakeFiles/CMakeTmp' から出ます
Makefile:126: recipe for target 'cmTC_93bef/fast' failed
make: *** [cmTC_93bef/fast] Error 2


