Determining if the pthread_create exist failed with the following output:
Change Dir: /home/mech-user/enshu_ws/build/kobuki_safety_controller/CMakeFiles/CMakeTmp

Run Build Command:"/usr/bin/make" "cmTC_2e685/fast"
/usr/bin/make -f CMakeFiles/cmTC_2e685.dir/build.make CMakeFiles/cmTC_2e685.dir/build
make[1]: ディレクトリ '/home/mech-user/enshu_ws/build/kobuki_safety_controller/CMakeFiles/CMakeTmp' に入ります
Building C object CMakeFiles/cmTC_2e685.dir/CheckSymbolExists.c.o
/usr/bin/cc    -o CMakeFiles/cmTC_2e685.dir/CheckSymbolExists.c.o   -c /home/mech-user/enshu_ws/build/kobuki_safety_controller/CMakeFiles/CMakeTmp/CheckSymbolExists.c
Linking C executable cmTC_2e685
/usr/bin/cmake -E cmake_link_script CMakeFiles/cmTC_2e685.dir/link.txt --verbose=1
/usr/bin/cc      -rdynamic CMakeFiles/cmTC_2e685.dir/CheckSymbolExists.c.o  -o cmTC_2e685 
CMakeFiles/cmTC_2e685.dir/CheckSymbolExists.c.o: 関数 `main' 内:
CheckSymbolExists.c:(.text+0x1b): `pthread_create' に対する定義されていない参照です
collect2: error: ld returned 1 exit status
CMakeFiles/cmTC_2e685.dir/build.make:97: recipe for target 'cmTC_2e685' failed
make[1]: *** [cmTC_2e685] Error 1
make[1]: ディレクトリ '/home/mech-user/enshu_ws/build/kobuki_safety_controller/CMakeFiles/CMakeTmp' から出ます
Makefile:126: recipe for target 'cmTC_2e685/fast' failed
make: *** [cmTC_2e685/fast] Error 2

File /home/mech-user/enshu_ws/build/kobuki_safety_controller/CMakeFiles/CMakeTmp/CheckSymbolExists.c:
/* */
#include <pthread.h>

int main(int argc, char** argv)
{
  (void)argv;
#ifndef pthread_create
  return ((int*)(&pthread_create))[argc];
#else
  (void)argc;
  return 0;
#endif
}

Determining if the function pthread_create exists in the pthreads failed with the following output:
Change Dir: /home/mech-user/enshu_ws/build/kobuki_safety_controller/CMakeFiles/CMakeTmp

Run Build Command:"/usr/bin/make" "cmTC_3f978/fast"
/usr/bin/make -f CMakeFiles/cmTC_3f978.dir/build.make CMakeFiles/cmTC_3f978.dir/build
make[1]: ディレクトリ '/home/mech-user/enshu_ws/build/kobuki_safety_controller/CMakeFiles/CMakeTmp' に入ります
Building C object CMakeFiles/cmTC_3f978.dir/CheckFunctionExists.c.o
/usr/bin/cc   -DCHECK_FUNCTION_EXISTS=pthread_create   -o CMakeFiles/cmTC_3f978.dir/CheckFunctionExists.c.o   -c /usr/share/cmake-3.10/Modules/CheckFunctionExists.c
Linking C executable cmTC_3f978
/usr/bin/cmake -E cmake_link_script CMakeFiles/cmTC_3f978.dir/link.txt --verbose=1
/usr/bin/cc  -DCHECK_FUNCTION_EXISTS=pthread_create    -rdynamic CMakeFiles/cmTC_3f978.dir/CheckFunctionExists.c.o  -o cmTC_3f978 -lpthreads 
/usr/bin/ld: -lpthreads が見つかりません
collect2: error: ld returned 1 exit status
CMakeFiles/cmTC_3f978.dir/build.make:97: recipe for target 'cmTC_3f978' failed
make[1]: *** [cmTC_3f978] Error 1
make[1]: ディレクトリ '/home/mech-user/enshu_ws/build/kobuki_safety_controller/CMakeFiles/CMakeTmp' から出ます
Makefile:126: recipe for target 'cmTC_3f978/fast' failed
make: *** [cmTC_3f978/fast] Error 2


