Determining if the pthread_create exist failed with the following output:
Change Dir: /home/mech-user/enshu_ws/build/turtlebot_rviz_launchers/CMakeFiles/CMakeTmp

Run Build Command:"/usr/bin/make" "cmTC_ca90f/fast"
/usr/bin/make -f CMakeFiles/cmTC_ca90f.dir/build.make CMakeFiles/cmTC_ca90f.dir/build
make[1]: ディレクトリ '/home/mech-user/enshu_ws/build/turtlebot_rviz_launchers/CMakeFiles/CMakeTmp' に入ります
Building C object CMakeFiles/cmTC_ca90f.dir/CheckSymbolExists.c.o
/usr/bin/cc    -o CMakeFiles/cmTC_ca90f.dir/CheckSymbolExists.c.o   -c /home/mech-user/enshu_ws/build/turtlebot_rviz_launchers/CMakeFiles/CMakeTmp/CheckSymbolExists.c
Linking C executable cmTC_ca90f
/usr/bin/cmake -E cmake_link_script CMakeFiles/cmTC_ca90f.dir/link.txt --verbose=1
/usr/bin/cc      -rdynamic CMakeFiles/cmTC_ca90f.dir/CheckSymbolExists.c.o  -o cmTC_ca90f 
CMakeFiles/cmTC_ca90f.dir/CheckSymbolExists.c.o: 関数 `main' 内:
CheckSymbolExists.c:(.text+0x1b): `pthread_create' に対する定義されていない参照です
collect2: error: ld returned 1 exit status
CMakeFiles/cmTC_ca90f.dir/build.make:97: recipe for target 'cmTC_ca90f' failed
make[1]: *** [cmTC_ca90f] Error 1
make[1]: ディレクトリ '/home/mech-user/enshu_ws/build/turtlebot_rviz_launchers/CMakeFiles/CMakeTmp' から出ます
Makefile:126: recipe for target 'cmTC_ca90f/fast' failed
make: *** [cmTC_ca90f/fast] Error 2

File /home/mech-user/enshu_ws/build/turtlebot_rviz_launchers/CMakeFiles/CMakeTmp/CheckSymbolExists.c:
/* */
#include <pthread.h>

int main(int argc, char** argv)
{
  (void)argv;
#ifndef pthread_create
  return ((int*)(&pthread_create))[argc];
#else
  (void)argc;
  return 0;
#endif
}

Determining if the function pthread_create exists in the pthreads failed with the following output:
Change Dir: /home/mech-user/enshu_ws/build/turtlebot_rviz_launchers/CMakeFiles/CMakeTmp

Run Build Command:"/usr/bin/make" "cmTC_4c2a7/fast"
/usr/bin/make -f CMakeFiles/cmTC_4c2a7.dir/build.make CMakeFiles/cmTC_4c2a7.dir/build
make[1]: ディレクトリ '/home/mech-user/enshu_ws/build/turtlebot_rviz_launchers/CMakeFiles/CMakeTmp' に入ります
Building C object CMakeFiles/cmTC_4c2a7.dir/CheckFunctionExists.c.o
/usr/bin/cc   -DCHECK_FUNCTION_EXISTS=pthread_create   -o CMakeFiles/cmTC_4c2a7.dir/CheckFunctionExists.c.o   -c /usr/share/cmake-3.10/Modules/CheckFunctionExists.c
Linking C executable cmTC_4c2a7
/usr/bin/cmake -E cmake_link_script CMakeFiles/cmTC_4c2a7.dir/link.txt --verbose=1
/usr/bin/cc  -DCHECK_FUNCTION_EXISTS=pthread_create    -rdynamic CMakeFiles/cmTC_4c2a7.dir/CheckFunctionExists.c.o  -o cmTC_4c2a7 -lpthreads 
/usr/bin/ld: -lpthreads が見つかりません
collect2: error: ld returned 1 exit status
CMakeFiles/cmTC_4c2a7.dir/build.make:97: recipe for target 'cmTC_4c2a7' failed
make[1]: *** [cmTC_4c2a7] Error 1
make[1]: ディレクトリ '/home/mech-user/enshu_ws/build/turtlebot_rviz_launchers/CMakeFiles/CMakeTmp' から出ます
Makefile:126: recipe for target 'cmTC_4c2a7/fast' failed
make: *** [cmTC_4c2a7/fast] Error 2


