Determining if the pthread_create exist failed with the following output:
Change Dir: /home/mech-user/enshu_ws/build/turtlebot_capabilities/CMakeFiles/CMakeTmp

Run Build Command:"/usr/bin/make" "cmTC_72f97/fast"
/usr/bin/make -f CMakeFiles/cmTC_72f97.dir/build.make CMakeFiles/cmTC_72f97.dir/build
make[1]: ディレクトリ '/home/mech-user/enshu_ws/build/turtlebot_capabilities/CMakeFiles/CMakeTmp' に入ります
Building C object CMakeFiles/cmTC_72f97.dir/CheckSymbolExists.c.o
/usr/bin/cc    -o CMakeFiles/cmTC_72f97.dir/CheckSymbolExists.c.o   -c /home/mech-user/enshu_ws/build/turtlebot_capabilities/CMakeFiles/CMakeTmp/CheckSymbolExists.c
Linking C executable cmTC_72f97
/usr/bin/cmake -E cmake_link_script CMakeFiles/cmTC_72f97.dir/link.txt --verbose=1
/usr/bin/cc      -rdynamic CMakeFiles/cmTC_72f97.dir/CheckSymbolExists.c.o  -o cmTC_72f97 
CMakeFiles/cmTC_72f97.dir/CheckSymbolExists.c.o: 関数 `main' 内:
CheckSymbolExists.c:(.text+0x1b): `pthread_create' に対する定義されていない参照です
collect2: error: ld returned 1 exit status
CMakeFiles/cmTC_72f97.dir/build.make:97: recipe for target 'cmTC_72f97' failed
make[1]: *** [cmTC_72f97] Error 1
make[1]: ディレクトリ '/home/mech-user/enshu_ws/build/turtlebot_capabilities/CMakeFiles/CMakeTmp' から出ます
Makefile:126: recipe for target 'cmTC_72f97/fast' failed
make: *** [cmTC_72f97/fast] Error 2

File /home/mech-user/enshu_ws/build/turtlebot_capabilities/CMakeFiles/CMakeTmp/CheckSymbolExists.c:
/* */
#include <pthread.h>

int main(int argc, char** argv)
{
  (void)argv;
#ifndef pthread_create
  return ((int*)(&pthread_create))[argc];
#else
  (void)argc;
  return 0;
#endif
}

Determining if the function pthread_create exists in the pthreads failed with the following output:
Change Dir: /home/mech-user/enshu_ws/build/turtlebot_capabilities/CMakeFiles/CMakeTmp

Run Build Command:"/usr/bin/make" "cmTC_ba017/fast"
/usr/bin/make -f CMakeFiles/cmTC_ba017.dir/build.make CMakeFiles/cmTC_ba017.dir/build
make[1]: ディレクトリ '/home/mech-user/enshu_ws/build/turtlebot_capabilities/CMakeFiles/CMakeTmp' に入ります
Building C object CMakeFiles/cmTC_ba017.dir/CheckFunctionExists.c.o
/usr/bin/cc   -DCHECK_FUNCTION_EXISTS=pthread_create   -o CMakeFiles/cmTC_ba017.dir/CheckFunctionExists.c.o   -c /usr/share/cmake-3.10/Modules/CheckFunctionExists.c
Linking C executable cmTC_ba017
/usr/bin/cmake -E cmake_link_script CMakeFiles/cmTC_ba017.dir/link.txt --verbose=1
/usr/bin/cc  -DCHECK_FUNCTION_EXISTS=pthread_create    -rdynamic CMakeFiles/cmTC_ba017.dir/CheckFunctionExists.c.o  -o cmTC_ba017 -lpthreads 
/usr/bin/ld: -lpthreads が見つかりません
collect2: error: ld returned 1 exit status
CMakeFiles/cmTC_ba017.dir/build.make:97: recipe for target 'cmTC_ba017' failed
make[1]: *** [cmTC_ba017] Error 1
make[1]: ディレクトリ '/home/mech-user/enshu_ws/build/turtlebot_capabilities/CMakeFiles/CMakeTmp' から出ます
Makefile:126: recipe for target 'cmTC_ba017/fast' failed
make: *** [cmTC_ba017/fast] Error 2


