Determining if the pthread_create exist failed with the following output:
Change Dir: /home/mech-user/enshu_ws/build/turtlebot_gazebo/CMakeFiles/CMakeTmp

Run Build Command:"/usr/bin/make" "cmTC_7cadb/fast"
/usr/bin/make -f CMakeFiles/cmTC_7cadb.dir/build.make CMakeFiles/cmTC_7cadb.dir/build
make[1]: ディレクトリ '/home/mech-user/enshu_ws/build/turtlebot_gazebo/CMakeFiles/CMakeTmp' に入ります
Building C object CMakeFiles/cmTC_7cadb.dir/CheckSymbolExists.c.o
/usr/bin/cc    -o CMakeFiles/cmTC_7cadb.dir/CheckSymbolExists.c.o   -c /home/mech-user/enshu_ws/build/turtlebot_gazebo/CMakeFiles/CMakeTmp/CheckSymbolExists.c
Linking C executable cmTC_7cadb
/usr/bin/cmake -E cmake_link_script CMakeFiles/cmTC_7cadb.dir/link.txt --verbose=1
/usr/bin/cc      -rdynamic CMakeFiles/cmTC_7cadb.dir/CheckSymbolExists.c.o  -o cmTC_7cadb 
CMakeFiles/cmTC_7cadb.dir/CheckSymbolExists.c.o: 関数 `main' 内:
CheckSymbolExists.c:(.text+0x1b): `pthread_create' に対する定義されていない参照です
collect2: error: ld returned 1 exit status
CMakeFiles/cmTC_7cadb.dir/build.make:97: recipe for target 'cmTC_7cadb' failed
make[1]: *** [cmTC_7cadb] Error 1
make[1]: ディレクトリ '/home/mech-user/enshu_ws/build/turtlebot_gazebo/CMakeFiles/CMakeTmp' から出ます
Makefile:126: recipe for target 'cmTC_7cadb/fast' failed
make: *** [cmTC_7cadb/fast] Error 2

File /home/mech-user/enshu_ws/build/turtlebot_gazebo/CMakeFiles/CMakeTmp/CheckSymbolExists.c:
/* */
#include <pthread.h>

int main(int argc, char** argv)
{
  (void)argv;
#ifndef pthread_create
  return ((int*)(&pthread_create))[argc];
#else
  (void)argc;
  return 0;
#endif
}

Determining if the function pthread_create exists in the pthreads failed with the following output:
Change Dir: /home/mech-user/enshu_ws/build/turtlebot_gazebo/CMakeFiles/CMakeTmp

Run Build Command:"/usr/bin/make" "cmTC_aae5c/fast"
/usr/bin/make -f CMakeFiles/cmTC_aae5c.dir/build.make CMakeFiles/cmTC_aae5c.dir/build
make[1]: ディレクトリ '/home/mech-user/enshu_ws/build/turtlebot_gazebo/CMakeFiles/CMakeTmp' に入ります
Building C object CMakeFiles/cmTC_aae5c.dir/CheckFunctionExists.c.o
/usr/bin/cc   -DCHECK_FUNCTION_EXISTS=pthread_create   -o CMakeFiles/cmTC_aae5c.dir/CheckFunctionExists.c.o   -c /usr/share/cmake-3.10/Modules/CheckFunctionExists.c
Linking C executable cmTC_aae5c
/usr/bin/cmake -E cmake_link_script CMakeFiles/cmTC_aae5c.dir/link.txt --verbose=1
/usr/bin/cc  -DCHECK_FUNCTION_EXISTS=pthread_create    -rdynamic CMakeFiles/cmTC_aae5c.dir/CheckFunctionExists.c.o  -o cmTC_aae5c -lpthreads 
/usr/bin/ld: -lpthreads が見つかりません
collect2: error: ld returned 1 exit status
CMakeFiles/cmTC_aae5c.dir/build.make:97: recipe for target 'cmTC_aae5c' failed
make[1]: *** [cmTC_aae5c] Error 1
make[1]: ディレクトリ '/home/mech-user/enshu_ws/build/turtlebot_gazebo/CMakeFiles/CMakeTmp' から出ます
Makefile:126: recipe for target 'cmTC_aae5c/fast' failed
make: *** [cmTC_aae5c/fast] Error 2


