Determining if the pthread_create exist failed with the following output:
Change Dir: /home/mech-user/enshu_ws/build/kobuki_capabilities/CMakeFiles/CMakeTmp

Run Build Command:"/usr/bin/make" "cmTC_02c56/fast"
/usr/bin/make -f CMakeFiles/cmTC_02c56.dir/build.make CMakeFiles/cmTC_02c56.dir/build
make[1]: ディレクトリ '/home/mech-user/enshu_ws/build/kobuki_capabilities/CMakeFiles/CMakeTmp' に入ります
Building C object CMakeFiles/cmTC_02c56.dir/CheckSymbolExists.c.o
/usr/bin/cc    -o CMakeFiles/cmTC_02c56.dir/CheckSymbolExists.c.o   -c /home/mech-user/enshu_ws/build/kobuki_capabilities/CMakeFiles/CMakeTmp/CheckSymbolExists.c
Linking C executable cmTC_02c56
/usr/bin/cmake -E cmake_link_script CMakeFiles/cmTC_02c56.dir/link.txt --verbose=1
/usr/bin/cc      -rdynamic CMakeFiles/cmTC_02c56.dir/CheckSymbolExists.c.o  -o cmTC_02c56 
CMakeFiles/cmTC_02c56.dir/CheckSymbolExists.c.o: 関数 `main' 内:
CheckSymbolExists.c:(.text+0x1b): `pthread_create' に対する定義されていない参照です
collect2: error: ld returned 1 exit status
CMakeFiles/cmTC_02c56.dir/build.make:97: recipe for target 'cmTC_02c56' failed
make[1]: *** [cmTC_02c56] Error 1
make[1]: ディレクトリ '/home/mech-user/enshu_ws/build/kobuki_capabilities/CMakeFiles/CMakeTmp' から出ます
Makefile:126: recipe for target 'cmTC_02c56/fast' failed
make: *** [cmTC_02c56/fast] Error 2

File /home/mech-user/enshu_ws/build/kobuki_capabilities/CMakeFiles/CMakeTmp/CheckSymbolExists.c:
/* */
#include <pthread.h>

int main(int argc, char** argv)
{
  (void)argv;
#ifndef pthread_create
  return ((int*)(&pthread_create))[argc];
#else
  (void)argc;
  return 0;
#endif
}

Determining if the function pthread_create exists in the pthreads failed with the following output:
Change Dir: /home/mech-user/enshu_ws/build/kobuki_capabilities/CMakeFiles/CMakeTmp

Run Build Command:"/usr/bin/make" "cmTC_b61d2/fast"
/usr/bin/make -f CMakeFiles/cmTC_b61d2.dir/build.make CMakeFiles/cmTC_b61d2.dir/build
make[1]: ディレクトリ '/home/mech-user/enshu_ws/build/kobuki_capabilities/CMakeFiles/CMakeTmp' に入ります
Building C object CMakeFiles/cmTC_b61d2.dir/CheckFunctionExists.c.o
/usr/bin/cc   -DCHECK_FUNCTION_EXISTS=pthread_create   -o CMakeFiles/cmTC_b61d2.dir/CheckFunctionExists.c.o   -c /usr/share/cmake-3.10/Modules/CheckFunctionExists.c
Linking C executable cmTC_b61d2
/usr/bin/cmake -E cmake_link_script CMakeFiles/cmTC_b61d2.dir/link.txt --verbose=1
/usr/bin/cc  -DCHECK_FUNCTION_EXISTS=pthread_create    -rdynamic CMakeFiles/cmTC_b61d2.dir/CheckFunctionExists.c.o  -o cmTC_b61d2 -lpthreads 
/usr/bin/ld: -lpthreads が見つかりません
collect2: error: ld returned 1 exit status
CMakeFiles/cmTC_b61d2.dir/build.make:97: recipe for target 'cmTC_b61d2' failed
make[1]: *** [cmTC_b61d2] Error 1
make[1]: ディレクトリ '/home/mech-user/enshu_ws/build/kobuki_capabilities/CMakeFiles/CMakeTmp' から出ます
Makefile:126: recipe for target 'cmTC_b61d2/fast' failed
make: *** [cmTC_b61d2/fast] Error 2


