Determining if the pthread_create exist failed with the following output:
Change Dir: /home/mech-user/enshu_ws/build/dynamixel_tutorials/CMakeFiles/CMakeTmp

Run Build Command:"/usr/bin/make" "cmTC_64a9d/fast"
/usr/bin/make -f CMakeFiles/cmTC_64a9d.dir/build.make CMakeFiles/cmTC_64a9d.dir/build
make[1]: ディレクトリ '/home/mech-user/enshu_ws/build/dynamixel_tutorials/CMakeFiles/CMakeTmp' に入ります
Building C object CMakeFiles/cmTC_64a9d.dir/CheckSymbolExists.c.o
/usr/bin/cc    -o CMakeFiles/cmTC_64a9d.dir/CheckSymbolExists.c.o   -c /home/mech-user/enshu_ws/build/dynamixel_tutorials/CMakeFiles/CMakeTmp/CheckSymbolExists.c
Linking C executable cmTC_64a9d
/usr/bin/cmake -E cmake_link_script CMakeFiles/cmTC_64a9d.dir/link.txt --verbose=1
/usr/bin/cc      -rdynamic CMakeFiles/cmTC_64a9d.dir/CheckSymbolExists.c.o  -o cmTC_64a9d 
CMakeFiles/cmTC_64a9d.dir/CheckSymbolExists.c.o: 関数 `main' 内:
CheckSymbolExists.c:(.text+0x1b): `pthread_create' に対する定義されていない参照です
collect2: error: ld returned 1 exit status
CMakeFiles/cmTC_64a9d.dir/build.make:97: recipe for target 'cmTC_64a9d' failed
make[1]: *** [cmTC_64a9d] Error 1
make[1]: ディレクトリ '/home/mech-user/enshu_ws/build/dynamixel_tutorials/CMakeFiles/CMakeTmp' から出ます
Makefile:126: recipe for target 'cmTC_64a9d/fast' failed
make: *** [cmTC_64a9d/fast] Error 2

File /home/mech-user/enshu_ws/build/dynamixel_tutorials/CMakeFiles/CMakeTmp/CheckSymbolExists.c:
/* */
#include <pthread.h>

int main(int argc, char** argv)
{
  (void)argv;
#ifndef pthread_create
  return ((int*)(&pthread_create))[argc];
#else
  (void)argc;
  return 0;
#endif
}

Determining if the function pthread_create exists in the pthreads failed with the following output:
Change Dir: /home/mech-user/enshu_ws/build/dynamixel_tutorials/CMakeFiles/CMakeTmp

Run Build Command:"/usr/bin/make" "cmTC_acf38/fast"
/usr/bin/make -f CMakeFiles/cmTC_acf38.dir/build.make CMakeFiles/cmTC_acf38.dir/build
make[1]: ディレクトリ '/home/mech-user/enshu_ws/build/dynamixel_tutorials/CMakeFiles/CMakeTmp' に入ります
Building C object CMakeFiles/cmTC_acf38.dir/CheckFunctionExists.c.o
/usr/bin/cc   -DCHECK_FUNCTION_EXISTS=pthread_create   -o CMakeFiles/cmTC_acf38.dir/CheckFunctionExists.c.o   -c /usr/share/cmake-3.10/Modules/CheckFunctionExists.c
Linking C executable cmTC_acf38
/usr/bin/cmake -E cmake_link_script CMakeFiles/cmTC_acf38.dir/link.txt --verbose=1
/usr/bin/cc  -DCHECK_FUNCTION_EXISTS=pthread_create    -rdynamic CMakeFiles/cmTC_acf38.dir/CheckFunctionExists.c.o  -o cmTC_acf38 -lpthreads 
/usr/bin/ld: -lpthreads が見つかりません
collect2: error: ld returned 1 exit status
CMakeFiles/cmTC_acf38.dir/build.make:97: recipe for target 'cmTC_acf38' failed
make[1]: *** [cmTC_acf38] Error 1
make[1]: ディレクトリ '/home/mech-user/enshu_ws/build/dynamixel_tutorials/CMakeFiles/CMakeTmp' から出ます
Makefile:126: recipe for target 'cmTC_acf38/fast' failed
make: *** [cmTC_acf38/fast] Error 2


