Determining if the pthread_create exist failed with the following output:
Change Dir: /home/mech-user/enshu_ws/build/mechatrobot/CMakeFiles/CMakeTmp

Run Build Command:"/usr/bin/make" "cmTC_6ae60/fast"
/usr/bin/make -f CMakeFiles/cmTC_6ae60.dir/build.make CMakeFiles/cmTC_6ae60.dir/build
make[1]: ディレクトリ '/home/mech-user/enshu_ws/build/mechatrobot/CMakeFiles/CMakeTmp' に入ります
Building C object CMakeFiles/cmTC_6ae60.dir/CheckSymbolExists.c.o
/usr/bin/cc    -o CMakeFiles/cmTC_6ae60.dir/CheckSymbolExists.c.o   -c /home/mech-user/enshu_ws/build/mechatrobot/CMakeFiles/CMakeTmp/CheckSymbolExists.c
Linking C executable cmTC_6ae60
/usr/bin/cmake -E cmake_link_script CMakeFiles/cmTC_6ae60.dir/link.txt --verbose=1
/usr/bin/cc      -rdynamic CMakeFiles/cmTC_6ae60.dir/CheckSymbolExists.c.o  -o cmTC_6ae60 
CMakeFiles/cmTC_6ae60.dir/CheckSymbolExists.c.o: 関数 `main' 内:
CheckSymbolExists.c:(.text+0x1b): `pthread_create' に対する定義されていない参照です
collect2: error: ld returned 1 exit status
CMakeFiles/cmTC_6ae60.dir/build.make:97: recipe for target 'cmTC_6ae60' failed
make[1]: *** [cmTC_6ae60] Error 1
make[1]: ディレクトリ '/home/mech-user/enshu_ws/build/mechatrobot/CMakeFiles/CMakeTmp' から出ます
Makefile:126: recipe for target 'cmTC_6ae60/fast' failed
make: *** [cmTC_6ae60/fast] Error 2

File /home/mech-user/enshu_ws/build/mechatrobot/CMakeFiles/CMakeTmp/CheckSymbolExists.c:
/* */
#include <pthread.h>

int main(int argc, char** argv)
{
  (void)argv;
#ifndef pthread_create
  return ((int*)(&pthread_create))[argc];
#else
  (void)argc;
  return 0;
#endif
}

Determining if the function pthread_create exists in the pthreads failed with the following output:
Change Dir: /home/mech-user/enshu_ws/build/mechatrobot/CMakeFiles/CMakeTmp

Run Build Command:"/usr/bin/make" "cmTC_aacf7/fast"
/usr/bin/make -f CMakeFiles/cmTC_aacf7.dir/build.make CMakeFiles/cmTC_aacf7.dir/build
make[1]: ディレクトリ '/home/mech-user/enshu_ws/build/mechatrobot/CMakeFiles/CMakeTmp' に入ります
Building C object CMakeFiles/cmTC_aacf7.dir/CheckFunctionExists.c.o
/usr/bin/cc   -DCHECK_FUNCTION_EXISTS=pthread_create   -o CMakeFiles/cmTC_aacf7.dir/CheckFunctionExists.c.o   -c /usr/share/cmake-3.10/Modules/CheckFunctionExists.c
Linking C executable cmTC_aacf7
/usr/bin/cmake -E cmake_link_script CMakeFiles/cmTC_aacf7.dir/link.txt --verbose=1
/usr/bin/cc  -DCHECK_FUNCTION_EXISTS=pthread_create    -rdynamic CMakeFiles/cmTC_aacf7.dir/CheckFunctionExists.c.o  -o cmTC_aacf7 -lpthreads 
/usr/bin/ld: -lpthreads が見つかりません
collect2: error: ld returned 1 exit status
CMakeFiles/cmTC_aacf7.dir/build.make:97: recipe for target 'cmTC_aacf7' failed
make[1]: *** [cmTC_aacf7] Error 1
make[1]: ディレクトリ '/home/mech-user/enshu_ws/build/mechatrobot/CMakeFiles/CMakeTmp' から出ます
Makefile:126: recipe for target 'cmTC_aacf7/fast' failed
make: *** [cmTC_aacf7/fast] Error 2


