Determining if the pthread_create exist failed with the following output:
Change Dir: /home/mech-user/enshu_ws/build/kobuki_gazebo/CMakeFiles/CMakeTmp

Run Build Command:"/usr/bin/make" "cmTC_fa536/fast"
/usr/bin/make -f CMakeFiles/cmTC_fa536.dir/build.make CMakeFiles/cmTC_fa536.dir/build
make[1]: ディレクトリ '/home/mech-user/enshu_ws/build/kobuki_gazebo/CMakeFiles/CMakeTmp' に入ります
Building C object CMakeFiles/cmTC_fa536.dir/CheckSymbolExists.c.o
/usr/bin/cc    -o CMakeFiles/cmTC_fa536.dir/CheckSymbolExists.c.o   -c /home/mech-user/enshu_ws/build/kobuki_gazebo/CMakeFiles/CMakeTmp/CheckSymbolExists.c
Linking C executable cmTC_fa536
/usr/bin/cmake -E cmake_link_script CMakeFiles/cmTC_fa536.dir/link.txt --verbose=1
/usr/bin/cc      -rdynamic CMakeFiles/cmTC_fa536.dir/CheckSymbolExists.c.o  -o cmTC_fa536 
CMakeFiles/cmTC_fa536.dir/CheckSymbolExists.c.o: 関数 `main' 内:
CheckSymbolExists.c:(.text+0x1b): `pthread_create' に対する定義されていない参照です
collect2: error: ld returned 1 exit status
CMakeFiles/cmTC_fa536.dir/build.make:97: recipe for target 'cmTC_fa536' failed
make[1]: *** [cmTC_fa536] Error 1
make[1]: ディレクトリ '/home/mech-user/enshu_ws/build/kobuki_gazebo/CMakeFiles/CMakeTmp' から出ます
Makefile:126: recipe for target 'cmTC_fa536/fast' failed
make: *** [cmTC_fa536/fast] Error 2

File /home/mech-user/enshu_ws/build/kobuki_gazebo/CMakeFiles/CMakeTmp/CheckSymbolExists.c:
/* */
#include <pthread.h>

int main(int argc, char** argv)
{
  (void)argv;
#ifndef pthread_create
  return ((int*)(&pthread_create))[argc];
#else
  (void)argc;
  return 0;
#endif
}

Determining if the function pthread_create exists in the pthreads failed with the following output:
Change Dir: /home/mech-user/enshu_ws/build/kobuki_gazebo/CMakeFiles/CMakeTmp

Run Build Command:"/usr/bin/make" "cmTC_b074c/fast"
/usr/bin/make -f CMakeFiles/cmTC_b074c.dir/build.make CMakeFiles/cmTC_b074c.dir/build
make[1]: ディレクトリ '/home/mech-user/enshu_ws/build/kobuki_gazebo/CMakeFiles/CMakeTmp' に入ります
Building C object CMakeFiles/cmTC_b074c.dir/CheckFunctionExists.c.o
/usr/bin/cc   -DCHECK_FUNCTION_EXISTS=pthread_create   -o CMakeFiles/cmTC_b074c.dir/CheckFunctionExists.c.o   -c /usr/share/cmake-3.10/Modules/CheckFunctionExists.c
Linking C executable cmTC_b074c
/usr/bin/cmake -E cmake_link_script CMakeFiles/cmTC_b074c.dir/link.txt --verbose=1
/usr/bin/cc  -DCHECK_FUNCTION_EXISTS=pthread_create    -rdynamic CMakeFiles/cmTC_b074c.dir/CheckFunctionExists.c.o  -o cmTC_b074c -lpthreads 
/usr/bin/ld: -lpthreads が見つかりません
collect2: error: ld returned 1 exit status
CMakeFiles/cmTC_b074c.dir/build.make:97: recipe for target 'cmTC_b074c' failed
make[1]: *** [cmTC_b074c] Error 1
make[1]: ディレクトリ '/home/mech-user/enshu_ws/build/kobuki_gazebo/CMakeFiles/CMakeTmp' から出ます
Makefile:126: recipe for target 'cmTC_b074c/fast' failed
make: *** [cmTC_b074c/fast] Error 2


