Determining if the pthread_create exist failed with the following output:
Change Dir: /home/mech-user/enshu_ws/build/kobuki_random_walker/CMakeFiles/CMakeTmp

Run Build Command:"/usr/bin/make" "cmTC_5414e/fast"
/usr/bin/make -f CMakeFiles/cmTC_5414e.dir/build.make CMakeFiles/cmTC_5414e.dir/build
make[1]: ディレクトリ '/home/mech-user/enshu_ws/build/kobuki_random_walker/CMakeFiles/CMakeTmp' に入ります
Building C object CMakeFiles/cmTC_5414e.dir/CheckSymbolExists.c.o
/usr/bin/cc    -o CMakeFiles/cmTC_5414e.dir/CheckSymbolExists.c.o   -c /home/mech-user/enshu_ws/build/kobuki_random_walker/CMakeFiles/CMakeTmp/CheckSymbolExists.c
Linking C executable cmTC_5414e
/usr/bin/cmake -E cmake_link_script CMakeFiles/cmTC_5414e.dir/link.txt --verbose=1
/usr/bin/cc      -rdynamic CMakeFiles/cmTC_5414e.dir/CheckSymbolExists.c.o  -o cmTC_5414e 
CMakeFiles/cmTC_5414e.dir/CheckSymbolExists.c.o: 関数 `main' 内:
CheckSymbolExists.c:(.text+0x1b): `pthread_create' に対する定義されていない参照です
collect2: error: ld returned 1 exit status
CMakeFiles/cmTC_5414e.dir/build.make:97: recipe for target 'cmTC_5414e' failed
make[1]: *** [cmTC_5414e] Error 1
make[1]: ディレクトリ '/home/mech-user/enshu_ws/build/kobuki_random_walker/CMakeFiles/CMakeTmp' から出ます
Makefile:126: recipe for target 'cmTC_5414e/fast' failed
make: *** [cmTC_5414e/fast] Error 2

File /home/mech-user/enshu_ws/build/kobuki_random_walker/CMakeFiles/CMakeTmp/CheckSymbolExists.c:
/* */
#include <pthread.h>

int main(int argc, char** argv)
{
  (void)argv;
#ifndef pthread_create
  return ((int*)(&pthread_create))[argc];
#else
  (void)argc;
  return 0;
#endif
}

Determining if the function pthread_create exists in the pthreads failed with the following output:
Change Dir: /home/mech-user/enshu_ws/build/kobuki_random_walker/CMakeFiles/CMakeTmp

Run Build Command:"/usr/bin/make" "cmTC_ad7fe/fast"
/usr/bin/make -f CMakeFiles/cmTC_ad7fe.dir/build.make CMakeFiles/cmTC_ad7fe.dir/build
make[1]: ディレクトリ '/home/mech-user/enshu_ws/build/kobuki_random_walker/CMakeFiles/CMakeTmp' に入ります
Building C object CMakeFiles/cmTC_ad7fe.dir/CheckFunctionExists.c.o
/usr/bin/cc   -DCHECK_FUNCTION_EXISTS=pthread_create   -o CMakeFiles/cmTC_ad7fe.dir/CheckFunctionExists.c.o   -c /usr/share/cmake-3.10/Modules/CheckFunctionExists.c
Linking C executable cmTC_ad7fe
/usr/bin/cmake -E cmake_link_script CMakeFiles/cmTC_ad7fe.dir/link.txt --verbose=1
/usr/bin/cc  -DCHECK_FUNCTION_EXISTS=pthread_create    -rdynamic CMakeFiles/cmTC_ad7fe.dir/CheckFunctionExists.c.o  -o cmTC_ad7fe -lpthreads 
/usr/bin/ld: -lpthreads が見つかりません
collect2: error: ld returned 1 exit status
CMakeFiles/cmTC_ad7fe.dir/build.make:97: recipe for target 'cmTC_ad7fe' failed
make[1]: *** [cmTC_ad7fe] Error 1
make[1]: ディレクトリ '/home/mech-user/enshu_ws/build/kobuki_random_walker/CMakeFiles/CMakeTmp' から出ます
Makefile:126: recipe for target 'cmTC_ad7fe/fast' failed
make: *** [cmTC_ad7fe/fast] Error 2


